{"Z:\\Dev\\Projects\\Web\\fullstackopen\\part_5\\bloglist-frontend\\src\\App.js": {"path":"Z:\\Dev\\Projects\\Web\\fullstackopen\\part_5\\bloglist-frontend\\src\\App.js","statementMap":{"0":{"start":{"line":14,"column":12},"end":{"line":154,"column":1}},"1":{"start":{"line":15,"column":28},"end":{"line":15,"column":40}},"2":{"start":{"line":16,"column":26},"end":{"line":16,"column":40}},"3":{"start":{"line":17,"column":32},"end":{"line":17,"column":46}},"4":{"start":{"line":19,"column":22},"end":{"line":19,"column":30}},"5":{"start":{"line":21,"column":20},"end":{"line":24,"column":73}},"6":{"start":{"line":21,"column":39},"end":{"line":24,"column":73}},"7":{"start":{"line":24,"column":21},"end":{"line":24,"column":71}},"8":{"start":{"line":26,"column":2},"end":{"line":32,"column":9}},"9":{"start":{"line":27,"column":23},"end":{"line":30,"column":5}},"10":{"start":{"line":28,"column":27},"end":{"line":28,"column":52}},"11":{"start":{"line":29,"column":6},"end":{"line":29,"column":40}},"12":{"start":{"line":31,"column":4},"end":{"line":31,"column":17}},"13":{"start":{"line":34,"column":2},"end":{"line":41,"column":9}},"14":{"start":{"line":35,"column":27},"end":{"line":35,"column":68}},"15":{"start":{"line":36,"column":4},"end":{"line":40,"column":5}},"16":{"start":{"line":37,"column":25},"end":{"line":37,"column":51}},"17":{"start":{"line":38,"column":6},"end":{"line":38,"column":26}},"18":{"start":{"line":39,"column":6},"end":{"line":39,"column":45}},"19":{"start":{"line":43,"column":17},"end":{"line":48,"column":3}},"20":{"start":{"line":44,"column":4},"end":{"line":44,"column":34}},"21":{"start":{"line":45,"column":4},"end":{"line":47,"column":13}},"22":{"start":{"line":46,"column":6},"end":{"line":46,"column":23}},"23":{"start":{"line":50,"column":16},"end":{"line":63,"column":3}},"24":{"start":{"line":51,"column":4},"end":{"line":62,"column":5}},"25":{"start":{"line":52,"column":23},"end":{"line":52,"column":56}},"26":{"start":{"line":53,"column":6},"end":{"line":53,"column":24}},"27":{"start":{"line":54,"column":6},"end":{"line":54,"column":43}},"28":{"start":{"line":55,"column":6},"end":{"line":58,"column":8}},"29":{"start":{"line":59,"column":6},"end":{"line":59,"column":51}},"30":{"start":{"line":61,"column":6},"end":{"line":61,"column":72}},"31":{"start":{"line":65,"column":23},"end":{"line":70,"column":3}},"32":{"start":{"line":66,"column":4},"end":{"line":66,"column":18}},"33":{"start":{"line":67,"column":4},"end":{"line":67,"column":30}},"34":{"start":{"line":68,"column":4},"end":{"line":68,"column":56}},"35":{"start":{"line":69,"column":4},"end":{"line":69,"column":58}},"36":{"start":{"line":72,"column":21},"end":{"line":84,"column":3}},"37":{"start":{"line":73,"column":4},"end":{"line":83,"column":5}},"38":{"start":{"line":74,"column":24},"end":{"line":74,"column":57}},"39":{"start":{"line":75,"column":6},"end":{"line":75,"column":40}},"40":{"start":{"line":76,"column":6},"end":{"line":76,"column":45}},"41":{"start":{"line":77,"column":6},"end":{"line":80,"column":8}},"42":{"start":{"line":82,"column":6},"end":{"line":82,"column":74}},"43":{"start":{"line":86,"column":21},"end":{"line":107,"column":3}},"44":{"start":{"line":87,"column":4},"end":{"line":106,"column":5}},"45":{"start":{"line":88,"column":21},"end":{"line":88,"column":25}},"46":{"start":{"line":89,"column":22},"end":{"line":95,"column":7}},"47":{"start":{"line":96,"column":26},"end":{"line":96,"column":63}},"48":{"start":{"line":97,"column":33},"end":{"line":99,"column":7}},"49":{"start":{"line":98,"column":26},"end":{"line":98,"column":55}},"50":{"start":{"line":100,"column":6},"end":{"line":100,"column":35}},"51":{"start":{"line":102,"column":6},"end":{"line":105,"column":8}},"52":{"start":{"line":109,"column":21},"end":{"line":122,"column":3}},"53":{"start":{"line":110,"column":4},"end":{"line":121,"column":5}},"54":{"start":{"line":111,"column":6},"end":{"line":115,"column":7}},"55":{"start":{"line":112,"column":8},"end":{"line":112,"column":38}},"56":{"start":{"line":113,"column":35},"end":{"line":113,"column":78}},"57":{"start":{"line":113,"column":65},"end":{"line":113,"column":76}},"58":{"start":{"line":114,"column":8},"end":{"line":114,"column":37}},"59":{"start":{"line":117,"column":6},"end":{"line":120,"column":8}},"60":{"start":{"line":124,"column":2},"end":{"line":153,"column":4}},"61":{"start":{"line":142,"column":12},"end":{"line":148,"column":14}}},"fnMap":{"0":{"name":"(anonymous_0)","decl":{"start":{"line":14,"column":12},"end":{"line":14,"column":13}},"loc":{"start":{"line":14,"column":18},"end":{"line":154,"column":1}},"line":14},"1":{"name":"(anonymous_1)","decl":{"start":{"line":21,"column":20},"end":{"line":21,"column":21}},"loc":{"start":{"line":21,"column":39},"end":{"line":24,"column":73}},"line":21},"2":{"name":"(anonymous_2)","decl":{"start":{"line":24,"column":10},"end":{"line":24,"column":11}},"loc":{"start":{"line":24,"column":21},"end":{"line":24,"column":71}},"line":24},"3":{"name":"(anonymous_3)","decl":{"start":{"line":26,"column":12},"end":{"line":26,"column":13}},"loc":{"start":{"line":26,"column":18},"end":{"line":32,"column":3}},"line":26},"4":{"name":"(anonymous_4)","decl":{"start":{"line":27,"column":23},"end":{"line":27,"column":24}},"loc":{"start":{"line":27,"column":35},"end":{"line":30,"column":5}},"line":27},"5":{"name":"(anonymous_5)","decl":{"start":{"line":34,"column":12},"end":{"line":34,"column":13}},"loc":{"start":{"line":34,"column":18},"end":{"line":41,"column":3}},"line":34},"6":{"name":"(anonymous_6)","decl":{"start":{"line":43,"column":17},"end":{"line":43,"column":18}},"loc":{"start":{"line":43,"column":36},"end":{"line":48,"column":3}},"line":43},"7":{"name":"(anonymous_7)","decl":{"start":{"line":45,"column":15},"end":{"line":45,"column":16}},"loc":{"start":{"line":45,"column":21},"end":{"line":47,"column":5}},"line":45},"8":{"name":"(anonymous_8)","decl":{"start":{"line":50,"column":16},"end":{"line":50,"column":17}},"loc":{"start":{"line":50,"column":35},"end":{"line":63,"column":3}},"line":50},"9":{"name":"(anonymous_9)","decl":{"start":{"line":65,"column":23},"end":{"line":65,"column":24}},"loc":{"start":{"line":65,"column":29},"end":{"line":70,"column":3}},"line":65},"10":{"name":"(anonymous_10)","decl":{"start":{"line":72,"column":21},"end":{"line":72,"column":22}},"loc":{"start":{"line":72,"column":40},"end":{"line":84,"column":3}},"line":72},"11":{"name":"(anonymous_11)","decl":{"start":{"line":86,"column":21},"end":{"line":86,"column":22}},"loc":{"start":{"line":86,"column":37},"end":{"line":107,"column":3}},"line":86},"12":{"name":"(anonymous_12)","decl":{"start":{"line":98,"column":18},"end":{"line":98,"column":19}},"loc":{"start":{"line":98,"column":26},"end":{"line":98,"column":55}},"line":98},"13":{"name":"(anonymous_13)","decl":{"start":{"line":109,"column":21},"end":{"line":109,"column":22}},"loc":{"start":{"line":109,"column":54},"end":{"line":122,"column":3}},"line":109},"14":{"name":"(anonymous_14)","decl":{"start":{"line":113,"column":58},"end":{"line":113,"column":59}},"loc":{"start":{"line":113,"column":65},"end":{"line":113,"column":76}},"line":113},"15":{"name":"(anonymous_15)","decl":{"start":{"line":141,"column":21},"end":{"line":141,"column":22}},"loc":{"start":{"line":142,"column":12},"end":{"line":148,"column":14}},"line":142}},"branchMap":{"0":{"loc":{"start":{"line":24,"column":21},"end":{"line":24,"column":71}},"type":"cond-expr","locations":[{"start":{"line":24,"column":41},"end":{"line":24,"column":42}},{"start":{"line":24,"column":45},"end":{"line":24,"column":71}}],"line":24},"1":{"loc":{"start":{"line":24,"column":45},"end":{"line":24,"column":71}},"type":"cond-expr","locations":[{"start":{"line":24,"column":65},"end":{"line":24,"column":67}},{"start":{"line":24,"column":70},"end":{"line":24,"column":71}}],"line":24},"2":{"loc":{"start":{"line":36,"column":4},"end":{"line":40,"column":5}},"type":"if","locations":[{"start":{"line":36,"column":4},"end":{"line":40,"column":5}},{"start":{},"end":{}}],"line":36},"3":{"loc":{"start":{"line":61,"column":13},"end":{"line":61,"column":61}},"type":"binary-expr","locations":[{"start":{"line":61,"column":13},"end":{"line":61,"column":38}},{"start":{"line":61,"column":42},"end":{"line":61,"column":61}}],"line":61},"4":{"loc":{"start":{"line":82,"column":13},"end":{"line":82,"column":63}},"type":"binary-expr","locations":[{"start":{"line":82,"column":13},"end":{"line":82,"column":38}},{"start":{"line":82,"column":42},"end":{"line":82,"column":63}}],"line":82},"5":{"loc":{"start":{"line":98,"column":26},"end":{"line":98,"column":55}},"type":"cond-expr","locations":[{"start":{"line":98,"column":40},"end":{"line":98,"column":41}},{"start":{"line":98,"column":44},"end":{"line":98,"column":55}}],"line":98},"6":{"loc":{"start":{"line":103,"column":8},"end":{"line":103,"column":68}},"type":"binary-expr","locations":[{"start":{"line":103,"column":8},"end":{"line":103,"column":33}},{"start":{"line":103,"column":37},"end":{"line":103,"column":68}}],"line":103},"7":{"loc":{"start":{"line":111,"column":6},"end":{"line":115,"column":7}},"type":"if","locations":[{"start":{"line":111,"column":6},"end":{"line":115,"column":7}},{"start":{},"end":{}}],"line":111},"8":{"loc":{"start":{"line":118,"column":8},"end":{"line":118,"column":68}},"type":"binary-expr","locations":[{"start":{"line":118,"column":8},"end":{"line":118,"column":33}},{"start":{"line":118,"column":37},"end":{"line":118,"column":68}}],"line":118},"9":{"loc":{"start":{"line":127,"column":7},"end":{"line":151,"column":7}},"type":"cond-expr","locations":[{"start":{"line":128,"column":8},"end":{"line":133,"column":14}},{"start":{"line":135,"column":8},"end":{"line":150,"column":14}}],"line":127}},"s":{"0":0,"1":0,"2":0,"3":0,"4":0,"5":0,"6":0,"7":0,"8":0,"9":0,"10":0,"11":0,"12":0,"13":0,"14":0,"15":0,"16":0,"17":0,"18":0,"19":0,"20":0,"21":0,"22":0,"23":0,"24":0,"25":0,"26":0,"27":0,"28":0,"29":0,"30":0,"31":0,"32":0,"33":0,"34":0,"35":0,"36":0,"37":0,"38":0,"39":0,"40":0,"41":0,"42":0,"43":0,"44":0,"45":0,"46":0,"47":0,"48":0,"49":0,"50":0,"51":0,"52":0,"53":0,"54":0,"55":0,"56":0,"57":0,"58":0,"59":0,"60":0,"61":0},"f":{"0":0,"1":0,"2":0,"3":0,"4":0,"5":0,"6":0,"7":0,"8":0,"9":0,"10":0,"11":0,"12":0,"13":0,"14":0,"15":0},"b":{"0":[0,0],"1":[0,0],"2":[0,0],"3":[0,0],"4":[0,0],"5":[0,0],"6":[0,0],"7":[0,0],"8":[0,0],"9":[0,0]}}
,"Z:\\Dev\\Projects\\Web\\fullstackopen\\part_5\\bloglist-frontend\\src\\index.js": {"path":"Z:\\Dev\\Projects\\Web\\fullstackopen\\part_5\\bloglist-frontend\\src\\index.js","statementMap":{"0":{"start":{"line":5,"column":0},"end":{"line":5,"column":69}}},"fnMap":{},"branchMap":{},"s":{"0":0},"f":{},"b":{}}
,"Z:\\Dev\\Projects\\Web\\fullstackopen\\part_5\\bloglist-frontend\\src\\components\\Blog.js": {"path":"Z:\\Dev\\Projects\\Web\\fullstackopen\\part_5\\bloglist-frontend\\src\\components\\Blog.js","statementMap":{"0":{"start":{"line":6,"column":13},"end":{"line":42,"column":1}},"1":{"start":{"line":9,"column":20},"end":{"line":15,"column":3}},"2":{"start":{"line":17,"column":17},"end":{"line":17,"column":27}},"3":{"start":{"line":19,"column":21},"end":{"line":25,"column":3}},"4":{"start":{"line":20,"column":24},"end":{"line":23,"column":5}},"5":{"start":{"line":24,"column":4},"end":{"line":24,"column":28}},"6":{"start":{"line":27,"column":23},"end":{"line":27,"column":48}},"7":{"start":{"line":27,"column":29},"end":{"line":27,"column":48}},"8":{"start":{"line":27,"column":35},"end":{"line":27,"column":48}},"9":{"start":{"line":29,"column":2},"end":{"line":41,"column":4}},"10":{"start":{"line":44,"column":0},"end":{"line":58,"column":2}},"11":{"start":{"line":60,"column":0},"end":{"line":62,"column":2}}},"fnMap":{"0":{"name":"(anonymous_0)","decl":{"start":{"line":6,"column":13},"end":{"line":6,"column":14}},"loc":{"start":{"line":8,"column":6},"end":{"line":42,"column":1}},"line":8},"1":{"name":"(anonymous_1)","decl":{"start":{"line":19,"column":21},"end":{"line":19,"column":22}},"loc":{"start":{"line":19,"column":33},"end":{"line":25,"column":3}},"line":19},"2":{"name":"(anonymous_2)","decl":{"start":{"line":27,"column":23},"end":{"line":27,"column":24}},"loc":{"start":{"line":27,"column":29},"end":{"line":27,"column":48}},"line":27},"3":{"name":"(anonymous_3)","decl":{"start":{"line":27,"column":29},"end":{"line":27,"column":30}},"loc":{"start":{"line":27,"column":35},"end":{"line":27,"column":48}},"line":27}},"branchMap":{"0":{"loc":{"start":{"line":38,"column":9},"end":{"line":38,"column":76}},"type":"cond-expr","locations":[{"start":{"line":38,"column":21},"end":{"line":38,"column":69}},{"start":{"line":38,"column":72},"end":{"line":38,"column":76}}],"line":38}},"s":{"0":1,"1":3,"2":3,"3":3,"4":2,"5":2,"6":3,"7":0,"8":0,"9":3,"10":1,"11":1},"f":{"0":3,"1":2,"2":0,"3":0},"b":{"0":[0,3]},"_coverageSchema":"1a1c01bbd47fc00a2c39e90264f33305004495a9","hash":"bdeec2a90d62718b88cac963cace3902f0f326c1"}
,"Z:\\Dev\\Projects\\Web\\fullstackopen\\part_5\\bloglist-frontend\\src\\components\\BlogDeleteForm.js": {"path":"Z:\\Dev\\Projects\\Web\\fullstackopen\\part_5\\bloglist-frontend\\src\\components\\BlogDeleteForm.js","statementMap":{"0":{"start":{"line":3,"column":23},"end":{"line":15,"column":1}},"1":{"start":{"line":4,"column":2},"end":{"line":14,"column":4}}},"fnMap":{"0":{"name":"(anonymous_0)","decl":{"start":{"line":3,"column":23},"end":{"line":3,"column":24}},"loc":{"start":{"line":4,"column":2},"end":{"line":14,"column":4}},"line":4}},"branchMap":{},"s":{"0":1,"1":0},"f":{"0":0},"b":{},"_coverageSchema":"1a1c01bbd47fc00a2c39e90264f33305004495a9","hash":"fd40e3437403bd43c504d65f51ba994f131caec1"}
,"Z:\\Dev\\Projects\\Web\\fullstackopen\\part_5\\bloglist-frontend\\src\\components\\BlogForm.js": {"path":"Z:\\Dev\\Projects\\Web\\fullstackopen\\part_5\\bloglist-frontend\\src\\components\\BlogForm.js","statementMap":{"0":{"start":{"line":7,"column":17},"end":{"line":51,"column":1}},"1":{"start":{"line":8,"column":28},"end":{"line":8,"column":40}},"2":{"start":{"line":9,"column":30},"end":{"line":9,"column":42}},"3":{"start":{"line":10,"column":24},"end":{"line":10,"column":36}},"4":{"start":{"line":12,"column":27},"end":{"line":23,"column":3}},"5":{"start":{"line":13,"column":4},"end":{"line":13,"column":23}},"6":{"start":{"line":14,"column":20},"end":{"line":18,"column":5}},"7":{"start":{"line":19,"column":4},"end":{"line":19,"column":30}},"8":{"start":{"line":20,"column":4},"end":{"line":20,"column":17}},"9":{"start":{"line":21,"column":4},"end":{"line":21,"column":18}},"10":{"start":{"line":22,"column":4},"end":{"line":22,"column":15}},"11":{"start":{"line":25,"column":2},"end":{"line":50,"column":4}}},"fnMap":{"0":{"name":"(anonymous_0)","decl":{"start":{"line":7,"column":17},"end":{"line":7,"column":18}},"loc":{"start":{"line":7,"column":37},"end":{"line":51,"column":1}},"line":7},"1":{"name":"(anonymous_1)","decl":{"start":{"line":12,"column":27},"end":{"line":12,"column":28}},"loc":{"start":{"line":12,"column":40},"end":{"line":23,"column":3}},"line":12}},"branchMap":{},"s":{"0":1,"1":28,"2":28,"3":28,"4":28,"5":1,"6":1,"7":1,"8":1,"9":1,"10":1,"11":28},"f":{"0":28,"1":1},"b":{},"_coverageSchema":"1a1c01bbd47fc00a2c39e90264f33305004495a9","hash":"cdcfcc6e694f8b160b33ea4f58646b330daa3487"}
,"Z:\\Dev\\Projects\\Web\\fullstackopen\\part_5\\bloglist-frontend\\src\\components\\Button.js": {"path":"Z:\\Dev\\Projects\\Web\\fullstackopen\\part_5\\bloglist-frontend\\src\\components\\Button.js","statementMap":{"0":{"start":{"line":2,"column":15},"end":{"line":8,"column":1}},"1":{"start":{"line":5,"column":2},"end":{"line":7,"column":11}}},"fnMap":{"0":{"name":"(anonymous_0)","decl":{"start":{"line":2,"column":15},"end":{"line":2,"column":16}},"loc":{"start":{"line":5,"column":2},"end":{"line":7,"column":11}},"line":5}},"branchMap":{"0":{"loc":{"start":{"line":3,"column":2},"end":{"line":3,"column":17}},"type":"default-arg","locations":[{"start":{"line":3,"column":9},"end":{"line":3,"column":17}}],"line":3},"1":{"loc":{"start":{"line":3,"column":19},"end":{"line":3,"column":33}},"type":"default-arg","locations":[{"start":{"line":3,"column":29},"end":{"line":3,"column":33}}],"line":3},"2":{"loc":{"start":{"line":3,"column":42},"end":{"line":3,"column":54}},"type":"default-arg","locations":[{"start":{"line":3,"column":50},"end":{"line":3,"column":54}}],"line":3}},"s":{"0":2,"1":35},"f":{"0":35},"b":{"0":[4],"1":[31],"2":[32]},"_coverageSchema":"1a1c01bbd47fc00a2c39e90264f33305004495a9","hash":"0c4aae2ac1c0c1afb87723660ce01a92b4e71cbc"}
,"Z:\\Dev\\Projects\\Web\\fullstackopen\\part_5\\bloglist-frontend\\src\\components\\Extendable.js": {"path":"Z:\\Dev\\Projects\\Web\\fullstackopen\\part_5\\bloglist-frontend\\src\\components\\Extendable.js","statementMap":{"0":{"start":{"line":5,"column":19},"end":{"line":22,"column":1}},"1":{"start":{"line":6,"column":32},"end":{"line":6,"column":47}},"2":{"start":{"line":7,"column":39},"end":{"line":7,"column":44}},"3":{"start":{"line":9,"column":25},"end":{"line":9,"column":51}},"4":{"start":{"line":11,"column":2},"end":{"line":21,"column":4}}},"fnMap":{"0":{"name":"(anonymous_0)","decl":{"start":{"line":5,"column":19},"end":{"line":5,"column":20}},"loc":{"start":{"line":5,"column":30},"end":{"line":22,"column":1}},"line":5}},"branchMap":{"0":{"loc":{"start":{"line":9,"column":25},"end":{"line":9,"column":51}},"type":"cond-expr","locations":[{"start":{"line":9,"column":36},"end":{"line":9,"column":42}},{"start":{"line":9,"column":45},"end":{"line":9,"column":51}}],"line":9}},"s":{"0":1,"1":4,"2":4,"3":4,"4":4},"f":{"0":4},"b":{"0":[3,1]},"_coverageSchema":"1a1c01bbd47fc00a2c39e90264f33305004495a9","hash":"a2f0017983c0b07f23de053f54c6aa9d876e4f0f"}
,"Z:\\Dev\\Projects\\Web\\fullstackopen\\part_5\\bloglist-frontend\\src\\components\\Filter.js": {"path":"Z:\\Dev\\Projects\\Web\\fullstackopen\\part_5\\bloglist-frontend\\src\\components\\Filter.js","statementMap":{"0":{"start":{"line":3,"column":15},"end":{"line":5,"column":1}},"1":{"start":{"line":4,"column":2},"end":{"line":4,"column":59}}},"fnMap":{"0":{"name":"(anonymous_0)","decl":{"start":{"line":3,"column":15},"end":{"line":3,"column":16}},"loc":{"start":{"line":4,"column":2},"end":{"line":4,"column":59}},"line":4}},"branchMap":{},"s":{"0":0,"1":0},"f":{"0":0},"b":{}}
,"Z:\\Dev\\Projects\\Web\\fullstackopen\\part_5\\bloglist-frontend\\src\\components\\Header.js": {"path":"Z:\\Dev\\Projects\\Web\\fullstackopen\\part_5\\bloglist-frontend\\src\\components\\Header.js","statementMap":{"0":{"start":{"line":1,"column":15},"end":{"line":15,"column":1}},"1":{"start":{"line":2,"column":2},"end":{"line":14,"column":3}},"2":{"start":{"line":4,"column":6},"end":{"line":4,"column":29}},"3":{"start":{"line":7,"column":6},"end":{"line":7,"column":29}},"4":{"start":{"line":10,"column":6},"end":{"line":10,"column":29}},"5":{"start":{"line":13,"column":6},"end":{"line":13,"column":18}}},"fnMap":{"0":{"name":"(anonymous_0)","decl":{"start":{"line":1,"column":15},"end":{"line":1,"column":16}},"loc":{"start":{"line":1,"column":36},"end":{"line":15,"column":1}},"line":1}},"branchMap":{"0":{"loc":{"start":{"line":1,"column":18},"end":{"line":1,"column":23}},"type":"default-arg","locations":[{"start":{"line":1,"column":22},"end":{"line":1,"column":23}}],"line":1},"1":{"loc":{"start":{"line":2,"column":2},"end":{"line":14,"column":3}},"type":"switch","locations":[{"start":{"line":3,"column":4},"end":{"line":4,"column":29}},{"start":{"line":6,"column":4},"end":{"line":7,"column":29}},{"start":{"line":9,"column":4},"end":{"line":10,"column":29}},{"start":{"line":12,"column":4},"end":{"line":13,"column":18}}],"line":2}},"s":{"0":1,"1":28,"2":0,"3":0,"4":28,"5":0},"f":{"0":28},"b":{"0":[0],"1":[0,0,28,0]},"_coverageSchema":"1a1c01bbd47fc00a2c39e90264f33305004495a9","hash":"d5362990b00e1228b6325e2cf6c84ef409d7ca4e"}
,"Z:\\Dev\\Projects\\Web\\fullstackopen\\part_5\\bloglist-frontend\\src\\components\\Input.js": {"path":"Z:\\Dev\\Projects\\Web\\fullstackopen\\part_5\\bloglist-frontend\\src\\components\\Input.js","statementMap":{"0":{"start":{"line":1,"column":14},"end":{"line":8,"column":1}},"1":{"start":{"line":4,"column":2},"end":{"line":7,"column":8}}},"fnMap":{"0":{"name":"(anonymous_0)","decl":{"start":{"line":1,"column":14},"end":{"line":1,"column":15}},"loc":{"start":{"line":4,"column":2},"end":{"line":7,"column":8}},"line":4}},"branchMap":{"0":{"loc":{"start":{"line":2,"column":2},"end":{"line":2,"column":14}},"type":"default-arg","locations":[{"start":{"line":2,"column":10},"end":{"line":2,"column":14}}],"line":2},"1":{"loc":{"start":{"line":2,"column":33},"end":{"line":2,"column":42}},"type":"default-arg","locations":[{"start":{"line":2,"column":38},"end":{"line":2,"column":42}}],"line":2},"2":{"loc":{"start":{"line":2,"column":44},"end":{"line":2,"column":62}},"type":"default-arg","locations":[{"start":{"line":2,"column":58},"end":{"line":2,"column":62}}],"line":2},"3":{"loc":{"start":{"line":5,"column":5},"end":{"line":5,"column":40}},"type":"cond-expr","locations":[{"start":{"line":5,"column":13},"end":{"line":5,"column":33}},{"start":{"line":5,"column":36},"end":{"line":5,"column":40}}],"line":5}},"s":{"0":1,"1":84},"f":{"0":84},"b":{"0":[0],"1":[0],"2":[84],"3":[84,0]},"_coverageSchema":"1a1c01bbd47fc00a2c39e90264f33305004495a9","hash":"c21a315cbd2e5182689063f154e2cca3bb911073"}
,"Z:\\Dev\\Projects\\Web\\fullstackopen\\part_5\\bloglist-frontend\\src\\components\\LikeForm.js": {"path":"Z:\\Dev\\Projects\\Web\\fullstackopen\\part_5\\bloglist-frontend\\src\\components\\LikeForm.js","statementMap":{"0":{"start":{"line":3,"column":17},"end":{"line":5,"column":1}},"1":{"start":{"line":4,"column":2},"end":{"line":4,"column":49}}},"fnMap":{"0":{"name":"(anonymous_0)","decl":{"start":{"line":3,"column":17},"end":{"line":3,"column":18}},"loc":{"start":{"line":4,"column":2},"end":{"line":4,"column":49}},"line":4}},"branchMap":{},"s":{"0":1,"1":3},"f":{"0":3},"b":{},"_coverageSchema":"1a1c01bbd47fc00a2c39e90264f33305004495a9","hash":"e6b0cb891bf74df62e8b894ee0b64914221f3a67"}
,"Z:\\Dev\\Projects\\Web\\fullstackopen\\part_5\\bloglist-frontend\\src\\components\\LoginForm.js": {"path":"Z:\\Dev\\Projects\\Web\\fullstackopen\\part_5\\bloglist-frontend\\src\\components\\LoginForm.js","statementMap":{"0":{"start":{"line":6,"column":14},"end":{"line":34,"column":1}},"1":{"start":{"line":7,"column":34},"end":{"line":7,"column":46}},"2":{"start":{"line":8,"column":34},"end":{"line":8,"column":46}},"3":{"start":{"line":10,"column":22},"end":{"line":15,"column":3}},"4":{"start":{"line":11,"column":4},"end":{"line":11,"column":23}},"5":{"start":{"line":12,"column":4},"end":{"line":12,"column":40}},"6":{"start":{"line":13,"column":4},"end":{"line":13,"column":20}},"7":{"start":{"line":14,"column":4},"end":{"line":14,"column":20}},"8":{"start":{"line":17,"column":2},"end":{"line":33,"column":4}}},"fnMap":{"0":{"name":"(anonymous_0)","decl":{"start":{"line":6,"column":14},"end":{"line":6,"column":15}},"loc":{"start":{"line":6,"column":29},"end":{"line":34,"column":1}},"line":6},"1":{"name":"(anonymous_1)","decl":{"start":{"line":10,"column":22},"end":{"line":10,"column":23}},"loc":{"start":{"line":10,"column":35},"end":{"line":15,"column":3}},"line":10}},"branchMap":{},"s":{"0":0,"1":0,"2":0,"3":0,"4":0,"5":0,"6":0,"7":0,"8":0},"f":{"0":0,"1":0},"b":{}}
,"Z:\\Dev\\Projects\\Web\\fullstackopen\\part_5\\bloglist-frontend\\src\\components\\LogoutForm.js": {"path":"Z:\\Dev\\Projects\\Web\\fullstackopen\\part_5\\bloglist-frontend\\src\\components\\LogoutForm.js","statementMap":{"0":{"start":{"line":3,"column":19},"end":{"line":5,"column":1}},"1":{"start":{"line":4,"column":2},"end":{"line":4,"column":51}}},"fnMap":{"0":{"name":"(anonymous_0)","decl":{"start":{"line":3,"column":19},"end":{"line":3,"column":20}},"loc":{"start":{"line":4,"column":2},"end":{"line":4,"column":51}},"line":4}},"branchMap":{},"s":{"0":0,"1":0},"f":{"0":0},"b":{}}
,"Z:\\Dev\\Projects\\Web\\fullstackopen\\part_5\\bloglist-frontend\\src\\components\\Notification.js": {"path":"Z:\\Dev\\Projects\\Web\\fullstackopen\\part_5\\bloglist-frontend\\src\\components\\Notification.js","statementMap":{"0":{"start":{"line":1,"column":21},"end":{"line":9,"column":1}},"1":{"start":{"line":2,"column":2},"end":{"line":8,"column":10}},"2":{"start":{"line":11,"column":14},"end":{"line":20,"column":1}},"3":{"start":{"line":22,"column":0},"end":{"line":25,"column":2}},"4":{"start":{"line":27,"column":0},"end":{"line":30,"column":2}}},"fnMap":{"0":{"name":"(anonymous_0)","decl":{"start":{"line":1,"column":21},"end":{"line":1,"column":22}},"loc":{"start":{"line":2,"column":2},"end":{"line":8,"column":10}},"line":2}},"branchMap":{"0":{"loc":{"start":{"line":2,"column":2},"end":{"line":8,"column":10}},"type":"cond-expr","locations":[{"start":{"line":4,"column":6},"end":{"line":6,"column":12}},{"start":{"line":8,"column":6},"end":{"line":8,"column":10}}],"line":2}},"s":{"0":0,"1":0,"2":0,"3":0,"4":0},"f":{"0":0},"b":{"0":[0,0]}}
,"Z:\\Dev\\Projects\\Web\\fullstackopen\\part_5\\bloglist-frontend\\src\\components\\SimpleForm.js": {"path":"Z:\\Dev\\Projects\\Web\\fullstackopen\\part_5\\bloglist-frontend\\src\\components\\SimpleForm.js","statementMap":{"0":{"start":{"line":3,"column":19},"end":{"line":13,"column":1}},"1":{"start":{"line":4,"column":23},"end":{"line":7,"column":3}},"2":{"start":{"line":5,"column":4},"end":{"line":5,"column":23}},"3":{"start":{"line":6,"column":4},"end":{"line":6,"column":15}},"4":{"start":{"line":8,"column":2},"end":{"line":12,"column":4}}},"fnMap":{"0":{"name":"(anonymous_0)","decl":{"start":{"line":3,"column":19},"end":{"line":3,"column":20}},"loc":{"start":{"line":3,"column":58},"end":{"line":13,"column":1}},"line":3},"1":{"name":"(anonymous_1)","decl":{"start":{"line":4,"column":23},"end":{"line":4,"column":24}},"loc":{"start":{"line":4,"column":30},"end":{"line":7,"column":3}},"line":4}},"branchMap":{"0":{"loc":{"start":{"line":3,"column":39},"end":{"line":3,"column":51}},"type":"default-arg","locations":[{"start":{"line":3,"column":47},"end":{"line":3,"column":51}}],"line":3}},"s":{"0":1,"1":3,"2":2,"3":2,"4":3},"f":{"0":3,"1":2},"b":{"0":[3]},"_coverageSchema":"1a1c01bbd47fc00a2c39e90264f33305004495a9","hash":"d70e33f2e97ddc4c69189a877c67f6e7dab1fb58"}
,"Z:\\Dev\\Projects\\Web\\fullstackopen\\part_5\\bloglist-frontend\\src\\components\\Togglable.js": {"path":"Z:\\Dev\\Projects\\Web\\fullstackopen\\part_5\\bloglist-frontend\\src\\components\\Togglable.js","statementMap":{"0":{"start":{"line":5,"column":18},"end":{"line":23,"column":2}},"1":{"start":{"line":6,"column":32},"end":{"line":6,"column":47}},"2":{"start":{"line":8,"column":27},"end":{"line":8,"column":54}},"3":{"start":{"line":10,"column":2},"end":{"line":10,"column":57}},"4":{"start":{"line":10,"column":34},"end":{"line":10,"column":54}},"5":{"start":{"line":12,"column":2},"end":{"line":22,"column":4}}},"fnMap":{"0":{"name":"(anonymous_0)","decl":{"start":{"line":5,"column":29},"end":{"line":5,"column":30}},"loc":{"start":{"line":5,"column":45},"end":{"line":23,"column":1}},"line":5},"1":{"name":"(anonymous_1)","decl":{"start":{"line":10,"column":27},"end":{"line":10,"column":28}},"loc":{"start":{"line":10,"column":34},"end":{"line":10,"column":54}},"line":10}},"branchMap":{},"s":{"0":0,"1":0,"2":0,"3":0,"4":0,"5":0},"f":{"0":0,"1":0},"b":{}}
,"Z:\\Dev\\Projects\\Web\\fullstackopen\\part_5\\bloglist-frontend\\src\\components\\User.js": {"path":"Z:\\Dev\\Projects\\Web\\fullstackopen\\part_5\\bloglist-frontend\\src\\components\\User.js","statementMap":{"0":{"start":{"line":3,"column":13},"end":{"line":8,"column":1}},"1":{"start":{"line":4,"column":2},"end":{"line":7,"column":8}}},"fnMap":{"0":{"name":"(anonymous_0)","decl":{"start":{"line":3,"column":13},"end":{"line":3,"column":14}},"loc":{"start":{"line":4,"column":2},"end":{"line":7,"column":8}},"line":4}},"branchMap":{},"s":{"0":0,"1":0},"f":{"0":0},"b":{}}
,"Z:\\Dev\\Projects\\Web\\fullstackopen\\part_5\\bloglist-frontend\\src\\services\\blogs.js": {"path":"Z:\\Dev\\Projects\\Web\\fullstackopen\\part_5\\bloglist-frontend\\src\\services\\blogs.js","statementMap":{"0":{"start":{"line":4,"column":16},"end":{"line":4,"column":28}},"1":{"start":{"line":6,"column":12},"end":{"line":6,"column":16}},"2":{"start":{"line":8,"column":19},"end":{"line":8,"column":64}},"3":{"start":{"line":8,"column":26},"end":{"line":8,"column":63}},"4":{"start":{"line":10,"column":17},"end":{"line":12,"column":1}},"5":{"start":{"line":11,"column":2},"end":{"line":11,"column":31}},"6":{"start":{"line":14,"column":17},"end":{"line":14,"column":28}},"7":{"start":{"line":14,"column":23},"end":{"line":14,"column":28}},"8":{"start":{"line":16,"column":20},"end":{"line":18,"column":1}},"9":{"start":{"line":17,"column":2},"end":{"line":17,"column":15}},"10":{"start":{"line":19,"column":14},"end":{"line":22,"column":1}},"11":{"start":{"line":20,"column":19},"end":{"line":20,"column":43}},"12":{"start":{"line":21,"column":2},"end":{"line":21,"column":23}},"13":{"start":{"line":24,"column":15},"end":{"line":27,"column":1}},"14":{"start":{"line":25,"column":19},"end":{"line":25,"column":63}},"15":{"start":{"line":26,"column":2},"end":{"line":26,"column":23}},"16":{"start":{"line":29,"column":15},"end":{"line":32,"column":1}},"17":{"start":{"line":30,"column":19},"end":{"line":30,"column":71}},"18":{"start":{"line":31,"column":2},"end":{"line":31,"column":23}},"19":{"start":{"line":34,"column":16},"end":{"line":37,"column":1}},"20":{"start":{"line":35,"column":19},"end":{"line":35,"column":69}},"21":{"start":{"line":36,"column":2},"end":{"line":36,"column":23}}},"fnMap":{"0":{"name":"(anonymous_0)","decl":{"start":{"line":8,"column":19},"end":{"line":8,"column":20}},"loc":{"start":{"line":8,"column":26},"end":{"line":8,"column":63}},"line":8},"1":{"name":"(anonymous_1)","decl":{"start":{"line":10,"column":17},"end":{"line":10,"column":18}},"loc":{"start":{"line":10,"column":31},"end":{"line":12,"column":1}},"line":10},"2":{"name":"(anonymous_2)","decl":{"start":{"line":14,"column":17},"end":{"line":14,"column":18}},"loc":{"start":{"line":14,"column":23},"end":{"line":14,"column":28}},"line":14},"3":{"name":"(anonymous_3)","decl":{"start":{"line":16,"column":20},"end":{"line":16,"column":21}},"loc":{"start":{"line":16,"column":26},"end":{"line":18,"column":1}},"line":16},"4":{"name":"(anonymous_4)","decl":{"start":{"line":19,"column":14},"end":{"line":19,"column":15}},"loc":{"start":{"line":19,"column":26},"end":{"line":22,"column":1}},"line":19},"5":{"name":"(anonymous_5)","decl":{"start":{"line":24,"column":15},"end":{"line":24,"column":16}},"loc":{"start":{"line":24,"column":30},"end":{"line":27,"column":1}},"line":24},"6":{"name":"(anonymous_6)","decl":{"start":{"line":29,"column":15},"end":{"line":29,"column":16}},"loc":{"start":{"line":29,"column":34},"end":{"line":32,"column":1}},"line":29},"7":{"name":"(anonymous_7)","decl":{"start":{"line":34,"column":16},"end":{"line":34,"column":17}},"loc":{"start":{"line":34,"column":30},"end":{"line":37,"column":1}},"line":34}},"branchMap":{},"s":{"0":0,"1":0,"2":0,"3":0,"4":0,"5":0,"6":0,"7":0,"8":0,"9":0,"10":0,"11":0,"12":0,"13":0,"14":0,"15":0,"16":0,"17":0,"18":0,"19":0,"20":0,"21":0},"f":{"0":0,"1":0,"2":0,"3":0,"4":0,"5":0,"6":0,"7":0},"b":{}}
,"Z:\\Dev\\Projects\\Web\\fullstackopen\\part_5\\bloglist-frontend\\src\\services\\login.js": {"path":"Z:\\Dev\\Projects\\Web\\fullstackopen\\part_5\\bloglist-frontend\\src\\services\\login.js","statementMap":{"0":{"start":{"line":3,"column":16},"end":{"line":3,"column":28}},"1":{"start":{"line":5,"column":14},"end":{"line":8,"column":1}},"2":{"start":{"line":6,"column":19},"end":{"line":6,"column":57}},"3":{"start":{"line":7,"column":2},"end":{"line":7,"column":23}}},"fnMap":{"0":{"name":"(anonymous_0)","decl":{"start":{"line":5,"column":14},"end":{"line":5,"column":15}},"loc":{"start":{"line":5,"column":37},"end":{"line":8,"column":1}},"line":5}},"branchMap":{},"s":{"0":0,"1":0,"2":0,"3":0},"f":{"0":0},"b":{}}
,"Z:\\Dev\\Projects\\Web\\fullstackopen\\part_5\\bloglist-frontend\\src\\utils\\helpers.js": {"path":"Z:\\Dev\\Projects\\Web\\fullstackopen\\part_5\\bloglist-frontend\\src\\utils\\helpers.js","statementMap":{"0":{"start":{"line":1,"column":28},"end":{"line":1,"column":80}},"1":{"start":{"line":1,"column":42},"end":{"line":1,"column":80}},"2":{"start":{"line":1,"column":58},"end":{"line":1,"column":80}},"3":{"start":{"line":3,"column":24},"end":{"line":3,"column":73}},"4":{"start":{"line":3,"column":38},"end":{"line":3,"column":72}},"5":{"start":{"line":5,"column":20},"end":{"line":5,"column":69}},"6":{"start":{"line":5,"column":34},"end":{"line":5,"column":68}},"7":{"start":{"line":7,"column":22},"end":{"line":7,"column":65}},"8":{"start":{"line":7,"column":43},"end":{"line":7,"column":65}},"9":{"start":{"line":7,"column":49},"end":{"line":7,"column":65}},"10":{"start":{"line":9,"column":19},"end":{"line":9,"column":77}},"11":{"start":{"line":9,"column":32},"end":{"line":9,"column":77}},"12":{"start":{"line":9,"column":59},"end":{"line":9,"column":75}}},"fnMap":{"0":{"name":"(anonymous_0)","decl":{"start":{"line":1,"column":28},"end":{"line":1,"column":29}},"loc":{"start":{"line":1,"column":42},"end":{"line":1,"column":80}},"line":1},"1":{"name":"(anonymous_1)","decl":{"start":{"line":1,"column":42},"end":{"line":1,"column":43}},"loc":{"start":{"line":1,"column":58},"end":{"line":1,"column":80}},"line":1},"2":{"name":"(anonymous_2)","decl":{"start":{"line":3,"column":24},"end":{"line":3,"column":25}},"loc":{"start":{"line":3,"column":38},"end":{"line":3,"column":72}},"line":3},"3":{"name":"(anonymous_3)","decl":{"start":{"line":5,"column":20},"end":{"line":5,"column":21}},"loc":{"start":{"line":5,"column":34},"end":{"line":5,"column":68}},"line":5},"4":{"name":"(anonymous_4)","decl":{"start":{"line":7,"column":22},"end":{"line":7,"column":23}},"loc":{"start":{"line":7,"column":43},"end":{"line":7,"column":65}},"line":7},"5":{"name":"(anonymous_5)","decl":{"start":{"line":7,"column":43},"end":{"line":7,"column":44}},"loc":{"start":{"line":7,"column":49},"end":{"line":7,"column":65}},"line":7},"6":{"name":"(anonymous_6)","decl":{"start":{"line":9,"column":19},"end":{"line":9,"column":20}},"loc":{"start":{"line":9,"column":32},"end":{"line":9,"column":77}},"line":9},"7":{"name":"(anonymous_7)","decl":{"start":{"line":9,"column":44},"end":{"line":9,"column":45}},"loc":{"start":{"line":9,"column":59},"end":{"line":9,"column":75}},"line":9}},"branchMap":{"0":{"loc":{"start":{"line":3,"column":49},"end":{"line":3,"column":70}},"type":"cond-expr","locations":[{"start":{"line":3,"column":59},"end":{"line":3,"column":65}},{"start":{"line":3,"column":68},"end":{"line":3,"column":70}}],"line":3},"1":{"loc":{"start":{"line":5,"column":45},"end":{"line":5,"column":66}},"type":"cond-expr","locations":[{"start":{"line":5,"column":55},"end":{"line":5,"column":57}},{"start":{"line":5,"column":60},"end":{"line":5,"column":66}}],"line":5}},"s":{"0":2,"1":84,"2":26,"3":2,"4":0,"5":2,"6":4,"7":2,"8":4,"9":1,"10":2,"11":0,"12":0},"f":{"0":84,"1":26,"2":0,"3":4,"4":4,"5":1,"6":0,"7":0},"b":{"0":[0,0],"1":[1,3]},"_coverageSchema":"1a1c01bbd47fc00a2c39e90264f33305004495a9","hash":"653a40de8512051a275129e99cfc0ad0568b763b"}
}
